<?xml version="1.0" encoding="UTF-8"?>
<testsuite xmlns:xsi="http://www.w3.org/2001/XMLSchema-instance" xsi:noNamespaceSchemaLocation="https://maven.apache.org/surefire/maven-surefire-plugin/xsd/surefire-test-report-3.0.xsd" version="3.0" name="XMLParseByDom4jTest" time="0.503" tests="3" errors="0" skipped="0" failures="0">
  <properties>
[...]
</properties>
  <testcase name="t1" classname="XMLParseByDom4jTest" time="0.458"/>
  <testcase name="XMLParseByDom4j" classname="XMLParseByDom4jTest" time="0.006">
    <system-out><![CDATA[dev
JDBC
UNPOOLED
{password=123456, driver=com.mysql.cj.jdbc.Driver, url=jdbc:mysql://localhost:3306/web, username=root}
[sqlMapper.xml]
]]></system-out>
  </testcase>
  <testcase name="XMLParseByDom4jTest2" classname="XMLParseByDom4jTest" time="0.001">
    <system-out><![CDATA[car
insertCar
insert into t_car(id,car_num,brand,guide_price,produce_time,car_type) values(null,#{carNum},#{brand},#{guidePrice},#{produceTime},#{carType})
selectCarByCarNum
com.nwu.mybatis.pojo.Car
select id,car_num carNum,brand,guide_price guidePrice,produce_time produceTime,car_type carType from t_car where car_num = #{carNum}
]]></system-out>
  </testcase>
</testsuite>